         0         -0    -13.277         -0     -1.644         -0   -0.15099         -0 -0.0018491
  0.022984  0.0037189    -13.127 3.0402e-05    -1.6406 9.5428e-08   -0.15095 1.7339e-12 -0.0018491
  0.045967  0.0072325    -12.982 6.0477e-05    -1.6373 1.9073e-07   -0.15092 3.4677e-12 -0.0018491
  0.068951   0.010554    -12.842 9.0234e-05    -1.6341 2.8592e-07   -0.15088 5.2014e-12 -0.0018491
  0.091934   0.013697    -12.706 0.00011969    -1.6309   3.81e-07   -0.15085 6.9351e-12 -0.0018491
   0.11492   0.016671    -12.575 0.00014884    -1.6279 4.7597e-07   -0.15082 8.6687e-12 -0.0018491
    0.1379   0.019489    -12.448 0.00017771    -1.6249 5.7083e-07   -0.15079 1.0402e-11 -0.0018491
   0.16088   0.022159    -12.324 0.00020629     -1.622 6.6558e-07   -0.15076 1.2136e-11 -0.0018491
   0.18387   0.024691    -12.205 0.00023461    -1.6192 7.6024e-07   -0.15073 1.3869e-11 -0.0018491
   0.20685   0.027093     -12.09 0.00026267    -1.6165  8.548e-07   -0.15071 1.5603e-11 -0.0018491
   0.22984   0.029374    -11.978 0.00029048    -1.6139 9.4926e-07   -0.15068 1.7336e-11 -0.0018491
   0.25282    0.03154    -11.869 0.00031805    -1.6113 1.0436e-06   -0.15066 1.9069e-11 -0.0018491
    0.2758   0.033598    -11.764 0.00034538    -1.6089 1.1379e-06   -0.15063 2.0802e-11 -0.0018491
   0.29879   0.035556    -11.662 0.00037248    -1.6065 1.2321e-06   -0.15061 2.2536e-11 -0.0018491
   0.32177   0.037417    -11.563 0.00039937    -1.6042 1.3263e-06   -0.15059 2.4269e-11 -0.0018491
   0.34475    0.03919    -11.466 0.00042604     -1.602 1.4203e-06   -0.15057 2.6002e-11 -0.0018491
   0.36774   0.040877    -11.373 0.00045251    -1.5998 1.5143e-06   -0.15055 2.7735e-11  -0.001849
   0.39072   0.042484    -11.282 0.00047879    -1.5978 1.6082e-06   -0.15053 2.9468e-11  -0.001849
    0.4137   0.044017    -11.194 0.00050487    -1.5958 1.7021e-06   -0.15052 3.1201e-11  -0.001849
   0.43669   0.045477    -11.108 0.00053078    -1.5939 1.7958e-06    -0.1505 3.2934e-11  -0.001849
   0.45967   0.046871    -11.025 0.00055651     -1.592 1.8896e-06   -0.15049 3.4667e-11  -0.001849
   0.48265   0.048201    -10.944 0.00058207    -1.5903 1.9832e-06   -0.15047   3.64e-11  -0.001849
   0.50564   0.049471    -10.865 0.00060747    -1.5886 2.0768e-06   -0.15046 3.8133e-11  -0.001849
   0.52862   0.050683    -10.788 0.00063271    -1.5869 2.1704e-06   -0.15045 3.9866e-11  -0.001849
    0.5516   0.051842    -10.714 0.00065781    -1.5854 2.2639e-06   -0.15044 4.1599e-11  -0.001849
   0.57459    0.05295    -10.641 0.00068276    -1.5839 2.3574e-06   -0.15043 4.3331e-11  -0.001849
   0.59757    0.05401     -10.57 0.00070757    -1.5825 2.4508e-06   -0.15042 4.5064e-11  -0.001849
   0.62055   0.055023    -10.501 0.00073226    -1.5812 2.5442e-06   -0.15041 4.6797e-11  -0.001849
   0.64354   0.055993    -10.434 0.00075682    -1.5799 2.6376e-06   -0.15041  4.853e-11  -0.001849
   0.66652   0.056922    -10.369 0.00078125    -1.5787 2.7309e-06    -0.1504 5.0263e-11  -0.001849
   0.68951   0.057812    -10.305 0.00080558    -1.5775 2.8243e-06    -0.1504 5.1996e-11  -0.001849
   0.71249   0.058664    -10.243  0.0008298    -1.5765 2.9175e-06   -0.15039 5.3728e-11  -0.001849
   0.73547   0.059481    -10.183 0.00085391    -1.5754 3.0108e-06   -0.15039 5.5461e-11  -0.001849
   0.75846   0.060264    -10.124 0.00087792    -1.5745 3.1041e-06   -0.15039 5.7194e-11  -0.001849
   0.78144   0.061016    -10.066 0.00090184    -1.5736 3.1973e-06   -0.15039 5.8927e-11  -0.001849
   0.80442   0.061737     -10.01 0.00092568    -1.5728 3.2905e-06   -0.15039  6.066e-11  -0.001849
   0.82741   0.062429    -9.9551 0.00094943    -1.5721 3.3837e-06   -0.15039 6.2393e-11  -0.001849
   0.85039   0.063093    -9.9016  0.0009731    -1.5714 3.4769e-06    -0.1504 6.4125e-11  -0.001849
   0.87337   0.063731    -9.8494 0.00099669    -1.5707 3.5702e-06    -0.1504 6.5858e-11  -0.001849
   0.89636   0.064344    -9.7985  0.0010202    -1.5702 3.6634e-06    -0.1504 6.7591e-11  -0.001849
   0.91934   0.064933    -9.7487  0.0010437    -1.5697 3.7566e-06   -0.15041 6.9324e-11  -0.001849
   0.94232   0.065499    -9.7001  0.0010671    -1.5692 3.8498e-06   -0.15042 7.1057e-11  -0.001849
   0.96531   0.066044    -9.6526  0.0010904    -1.5688 3.9431e-06   -0.15043  7.279e-11  -0.001849
   0.98829   0.066568    -9.6062  0.0011137    -1.5685 4.0363e-06   -0.15043 7.4523e-11  -0.001849
    1.0113   0.067072    -9.5609   0.001137    -1.5682 4.1296e-06   -0.15045 7.6256e-11 -0.0018491
    1.0343   0.067557    -9.5166  0.0011602     -1.568 4.2229e-06   -0.15046 7.7989e-11 -0.0018491
    1.0572   0.068025    -9.4733  0.0011833    -1.5679 4.3162e-06   -0.15047 7.9722e-11 -0.0018491
    1.0802   0.068475     -9.431  0.0012065    -1.5678 4.4096e-06   -0.15048 8.1455e-11 -0.0018491
    1.1032   0.068908    -9.3896  0.0012296    -1.5677 4.5029e-06    -0.1505 8.3188e-11 -0.0018491
